\BOOKMARK [0][-]{chapter*.2}{\376\377\000I\000n\000t\000r\000o\000d\000u\000c\000c\000i\000\363\000n}{}% 1
\BOOKMARK [0][-]{chapter.1}{\376\377\000L\000a\000\040\000r\000e\000v\000o\000l\000u\000c\000i\000\363\000n\000\040\000d\000e\000\040\000l\000o\000s\000\040\000g\000e\000o\000d\000a\000t\000o\000s}{}% 2
\BOOKMARK [0][-]{chapter.2}{\376\377\000D\000a\000t\000o\000s\000\040\000g\000e\000o\000g\000r\000\341\000f\000i\000c\000o\000s}{}% 3
\BOOKMARK [1][-]{section.2.1}{\376\377\000C\000o\000n\000t\000e\000x\000t\000o\000\040\000g\000e\000n\000e\000r\000a\000l}{chapter.2}% 4
\BOOKMARK [1][-]{section.2.2}{\376\377\000C\000o\000n\000c\000e\000p\000t\000o\000s\000\040\000c\000l\000a\000v\000e}{chapter.2}% 5
\BOOKMARK [0][-]{chapter.3}{\376\377\000F\000o\000r\000m\000a\000t\000o\000s\000\040\000d\000e\000\040\000d\000a\000t\000o\000s\000\040\000e\000s\000p\000a\000c\000i\000a\000l\000e\000s}{}% 6
\BOOKMARK [1][-]{section.3.1}{\376\377\000T\000i\000p\000o\000s\000\040\000d\000e\000\040\000f\000i\000c\000h\000e\000r\000o\000s\000\040\000\050\000C\000O\000M\000P\000L\000E\000T\000A\000R\000\051}{chapter.3}% 7
\BOOKMARK [1][-]{section.3.2}{\376\377\000D\000a\000t\000o\000s\000\040\000d\000e\000\040\000v\000e\000c\000t\000o\000r\000e\000s}{chapter.3}% 8
\BOOKMARK [1][-]{section.3.3}{\376\377\000D\000a\000t\000o\000s\000\040\000r\000a\000s\000t\000e\000r}{chapter.3}% 9
\BOOKMARK [1][-]{section.3.4}{\376\377\000S\000i\000s\000t\000e\000m\000a\000\040\000d\000e\000\040\000R\000e\000f\000e\000r\000e\000n\000c\000i\000a\000\040\000d\000e\000\040\000C\000o\000o\000r\000d\000e\000n\000a\000d\000a\000s\000\040\000\050\000C\000R\000S\000\051}{chapter.3}% 10
\BOOKMARK [0][-]{chapter.4}{\376\377\000E\000s\000t\000a\000d\000\355\000s\000t\000i\000c\000a\000\040\000e\000s\000p\000a\000c\000i\000a\000l}{}% 11
\BOOKMARK [1][-]{section.4.1}{\376\377\000A\000n\000t\000e\000s\000\040\000d\000e\000\040\000c\000o\000n\000t\000i\000n\000u\000a\000r\040\046\000\040\000d\000e\000p\000e\000n\000d\000e\000n\000c\000i\000a\000\040\000e\000s\000p\000a\000c\000i\000a\000l\000.}{chapter.4}% 12
\BOOKMARK [1][-]{section.4.2}{\376\377\000D\000a\000t\000o\000s\000\040\000e\000s\000p\000a\000c\000i\000a\000l\000e\000s}{chapter.4}% 13
\BOOKMARK [1][-]{section.4.3}{\376\377\000C\000l\000a\000s\000i\000f\000i\000c\000a\000c\000i\000\363\000n\000\040\000d\000e\000\040\000d\000a\000t\000o\000s\000\040\000e\000s\000p\000a\000c\000i\000a\000l\000e\000s}{chapter.4}% 14
\BOOKMARK [0][-]{chapter.5}{\376\377\000A\000p\000l\000i\000c\000a\000c\000i\000o\000n\000e\000s}{}% 15
\BOOKMARK [1][-]{section.5.1}{\376\377\000T\000e\000m\000p\000e\000r\000a\000t\000u\000r\000a\000s\000\040\000m\000\355\000n\000i\000m\000a\000s\000\040\000e\000n\000\040\000E\000s\000p\000a\000\361\000a}{chapter.5}% 16
\BOOKMARK [1][-]{section.5.2}{\376\377\000R\000e\000n\000t\000a\000\040\000m\000e\000d\000i\000a\000\040\000p\000o\000r\000\040\000m\000u\000n\000i\000c\000i\000p\000i\000o\000s}{chapter.5}% 17
\BOOKMARK [1][-]{section.5.3}{\376\377\000A\000n\000\341\000l\000i\000s\000i\000s\000\040\000d\000e\000\040\000p\000a\000t\000r\000o\000n\000e\000s\000\040\000d\000e\000\040\000p\000u\000n\000t\000o\000s}{chapter.5}% 18
\BOOKMARK [0][-]{appendix.Alph1}{\376\377\000T\000i\000p\000o\000s\000\040\000d\000e\000\040\000C\000R\000S\000\040\000p\000r\000o\000y\000e\000c\000t\000a\000d\000o\000s}{}% 19
\BOOKMARK [1][-]{section.Alph1.1}{\376\377\000P\000o\000r\000\040\000t\000i\000p\000o\000\040\000d\000e\000\040\000s\000u\000p\000e\000r\000f\000i\000c\000i\000e\000\040\000d\000e\000\040\000p\000r\000o\000y\000e\000c\000c\000i\000\363\000n}{appendix.Alph1}% 20
\BOOKMARK [1][-]{section.Alph1.2}{\376\377\000P\000o\000r\000\040\000m\000\351\000t\000r\000i\000c\000a\000\040\000a\000\040\000p\000r\000e\000s\000e\000r\000v\000a\000r}{appendix.Alph1}% 21
