\BOOKMARK [0][-]{chapter*.2}{\376\377\000P\000r\000\363\000l\000o\000g\000o}{}% 1
\BOOKMARK [1][-]{section*.3}{\376\377\000\277\000P\000o\000r\000\040\000q\000u\000\351\000\040\000l\000e\000e\000r\000\040\000e\000s\000t\000e\000\040\000l\000i\000b\000r\000o\000?}{chapter*.2}% 2
\BOOKMARK [1][-]{section*.4}{\376\377\000O\000b\000j\000e\000t\000i\000v\000o\000s\000\040\000d\000e\000\040\000a\000p\000r\000e\000n\000d\000i\000z\000a\000j\000e}{chapter*.2}% 3
\BOOKMARK [1][-]{section*.5}{\376\377\000E\000s\000t\000r\000u\000c\000t\000u\000r\000a\000\040\000d\000e\000l\000\040\000l\000i\000b\000r\000o}{chapter*.2}% 4
\BOOKMARK [1][-]{section*.6}{\376\377\000D\000a\000t\000o\000s}{chapter*.2}% 5
\BOOKMARK [0][-]{chapter.1}{\376\377\000L\000a\000\040\000r\000e\000v\000o\000l\000u\000c\000i\000\363\000n\000\040\000d\000e\000\040\000l\000o\000s\000\040\000g\000e\000o\000d\000a\000t\000o\000s}{}% 6
\BOOKMARK [0][-]{chapter.2}{\376\377\000D\000a\000t\000o\000s\000\040\000g\000e\000o\000g\000r\000\341\000f\000i\000c\000o\000s}{}% 7
\BOOKMARK [1][-]{section.2.1}{\376\377\000C\000o\000n\000t\000e\000x\000t\000o\000\040\000g\000e\000n\000e\000r\000a\000l}{chapter.2}% 8
\BOOKMARK [1][-]{section.2.2}{\376\377\000C\000o\000n\000c\000e\000p\000t\000o\000s\000\040\000c\000l\000a\000v\000e}{chapter.2}% 9
\BOOKMARK [0][-]{chapter.3}{\376\377\000F\000o\000r\000m\000a\000t\000o\000s\000\040\000d\000e\000\040\000d\000a\000t\000o\000s\000\040\000e\000s\000p\000a\000c\000i\000a\000l\000e\000s}{}% 10
\BOOKMARK [1][-]{section.3.1}{\376\377\000F\000i\000c\000h\000e\000r\000o\000s\000\040\000d\000e\000\040\000d\000a\000t\000o\000s\000\040\000e\000s\000p\000a\000c\000i\000a\000l\000e\000s}{chapter.3}% 11
\BOOKMARK [1][-]{section.3.2}{\376\377\000M\000o\000d\000e\000l\000o\000\040\000d\000e\000\040\000d\000a\000t\000o\000s}{chapter.3}% 12
\BOOKMARK [1][-]{section.3.3}{\376\377\000S\000i\000s\000t\000e\000m\000a\000\040\000d\000e\000\040\000R\000e\000f\000e\000r\000e\000n\000c\000i\000a\000\040\000d\000e\000\040\000C\000o\000o\000r\000d\000e\000n\000a\000d\000a\000s\000\040\000\050\000C\000R\000S\000\051}{chapter.3}% 13
\BOOKMARK [0][-]{chapter.4}{\376\377\000E\000s\000t\000a\000d\000\355\000s\000t\000i\000c\000a\000\040\000e\000s\000p\000a\000c\000i\000a\000l}{}% 14
\BOOKMARK [1][-]{section.4.1}{\376\377\000A\000n\000t\000e\000s\000\040\000d\000e\000\040\000c\000o\000n\000t\000i\000n\000u\000a\000r\040\046\000\040\000d\000e\000p\000e\000n\000d\000e\000n\000c\000i\000a\000\040\000e\000s\000p\000a\000c\000i\000a\000l\000.}{chapter.4}% 15
\BOOKMARK [1][-]{section.4.2}{\376\377\000D\000a\000t\000o\000s\000\040\000e\000s\000p\000a\000c\000i\000a\000l\000e\000s}{chapter.4}% 16
\BOOKMARK [1][-]{section.4.3}{\376\377\000C\000l\000a\000s\000i\000f\000i\000c\000a\000c\000i\000\363\000n\000\040\000d\000e\000\040\000d\000a\000t\000o\000s\000\040\000e\000s\000p\000a\000c\000i\000a\000l\000e\000s}{chapter.4}% 17
\BOOKMARK [0][-]{chapter.5}{\376\377\000C\000a\000s\000o\000s\000\040\000p\000r\000\341\000c\000t\000i\000c\000o\000s}{}% 18
\BOOKMARK [1][-]{section.5.1}{\376\377\000C\000a\000s\000o\000\040\0001\000:\000\040\000T\000e\000m\000p\000e\000r\000a\000t\000u\000r\000a\000\040\000m\000\355\000n\000i\000m\000a\000s\000\040\000d\000e\000l\000\040\000a\000i\000r\000e\000\040\000e\000n\000\040\000E\000s\000p\000a\000\361\000a\000.}{chapter.5}% 19
\BOOKMARK [0][-]{appendix.Alph1}{\376\377\000T\000i\000p\000o\000s\000\040\000d\000e\000\040\000C\000R\000S\000\040\000p\000r\000o\000y\000e\000c\000t\000a\000d\000o\000s}{}% 20
\BOOKMARK [1][-]{section.Alph1.1}{\376\377\000P\000o\000r\000\040\000t\000i\000p\000o\000\040\000d\000e\000\040\000s\000u\000p\000e\000r\000f\000i\000c\000i\000e\000\040\000d\000e\000\040\000p\000r\000o\000y\000e\000c\000c\000i\000\363\000n}{appendix.Alph1}% 21
\BOOKMARK [1][-]{section.Alph1.2}{\376\377\000P\000o\000r\000\040\000m\000\351\000t\000r\000i\000c\000a\000\040\000a\000\040\000p\000r\000e\000s\000e\000r\000v\000a\000r}{appendix.Alph1}% 22
